17:47:58.784 [main] INFO  resources.base - User Have reached the Favorites after clicking on the Favorites Link from the footer of the page
17:48:07.898 [main] INFO  resources.base - User has clicked on the Track button from the header of the page
17:48:27.902 [main] INFO  resources.base - User have reached the Track page after clicking on the Track button from the header of the page
17:48:35.201 [main] INFO  resources.base - User has clicked on the order button from the header of the page
17:48:45.206 [main] INFO  resources.base - User have reached the Order page after clicking on the Order button from the header of the page
17:48:55.812 [main] INFO  resources.base - User has clicked on the Purchase Analysis button from the header of the page
17:49:10.823 [main] INFO  resources.base - User have reached the Purchase Analysis page after clicking on the Purchase Analysis button from the header of the page
17:49:21.191 [main] INFO  resources.base - User have clicked on email icon on purchase analysis Page
17:49:21.333 [main] INFO  resources.base - User have entered the email on email field at purchase analysis Page
17:49:21.837 [main] INFO  resources.base - User have click on Send button at email popup screen at purchase analysis Page
17:49:29.645 [main] INFO  resources.base - User has clicked on the Calendar button from the header of the page
17:49:29.645 [main] INFO  resources.base - User have reached the  Calendar page after clicking on the Calendar button from the header of the page
17:50:14.617 [main] INFO  resources.base - User have reached the expiration report after clicking on the report button from the Calendar page from monthly view tab
17:50:54.387 [main] INFO  resources.base - User have reached the expiration report after clicking on the report button from the Calendar page from Detail view tab
17:51:04.712 [main] INFO  resources.base - User has clicked on the Assets report from Report tab
17:51:19.740 [main] INFO  resources.base - User have reached the assets report after clicking on asset link from report tab
17:51:31.044 [main] INFO  resources.base - User has clicked on the Days To Ship report from Report tab
17:51:46.049 [main] INFO  resources.base - User have reached the Days To Ship report after clicking on Days To Ship link from report tab
17:52:01.757 [main] INFO  resources.base - User has clicked on the Saved Report icon from the header of the page
17:52:01.757 [main] INFO  resources.base - User have reached the  Saved Report page after clicking on the Saved Report icon from the header of the page
