08:33:19.159 [main] INFO  resources.base - User Have Successfully Login To The Home Page
09:04:14.951 [main] INFO  resources.base - User Have Successfully Login To The Home Page
09:05:46.717 [main] INFO  resources.base - Recently Viewed Page is Opened
09:05:56.951 [main] INFO  resources.base - User has clicked the Logo from the footer of the page
09:05:56.951 [main] INFO  resources.base - User Have reached the Home Page clicking on the footer Logo
09:06:15.842 [main] INFO  resources.base - User has clicked on the My Profile page from My Account dropdown
09:06:15.857 [main] INFO  resources.base - User has clicked on the My Profile page from My Account dropdown
09:06:22.889 [main] INFO  resources.base - User has clicked on the My Profile page from My Account dropdown
09:06:36.377 [main] INFO  resources.base - User has clicked the Logo from the header of the page
09:06:36.381 [main] INFO  resources.base - User Have reached the Home Page clicking on the Header Logo
09:06:53.748 [main] INFO  resources.base - User has clicked on the Standard Catalog Navigation button from header
09:06:59.764 [main] INFO  resources.base - User Have reached the Standard Catalog Page
09:07:26.952 [main] INFO  resources.base - User has clicked on the 1st Standard Product appearing and reached the PDP Page
09:17:49.483 [main] INFO  resources.base - User Have Successfully Login To The Home Page
09:19:00.897 [main] INFO  resources.base - Recently Viewed Page is Opened
09:19:05.802 [main] INFO  resources.base - User has clicked the Logo from the footer of the page
09:19:05.802 [main] INFO  resources.base - User Have reached the Home Page clicking on the footer Logo
09:19:14.269 [main] INFO  resources.base - User has clicked on the My Profile page from My Account dropdown
09:19:14.275 [main] INFO  resources.base - User has clicked on the My Profile page from My Account dropdown
09:19:18.870 [main] INFO  resources.base - User has clicked on the My Profile page from My Account dropdown
09:19:23.342 [main] INFO  resources.base - User has clicked the Logo from the header of the page
09:19:23.342 [main] INFO  resources.base - User Have reached the Home Page clicking on the Header Logo
09:19:30.424 [main] INFO  resources.base - User has clicked on the Standard Catalog Navigation button from header
09:19:36.436 [main] INFO  resources.base - User Have reached the Standard Catalog Page
09:19:53.843 [main] INFO  resources.base - User has clicked on the 1st Standard Product appearing and reached the PDP Page
09:20:02.979 [main] INFO  resources.base - User has clicked on All Product Nevigation button from the header
09:20:07.983 [main] INFO  resources.base - User Have reached the All Product Page
09:20:36.436 [main] INFO  resources.base - User has clicked on Audio Cables Category From All Products Page
09:20:36.436 [main] INFO  resources.base - User Have reached the Audio Cables Category Page
09:20:47.857 [main] INFO  resources.base - User has clicked on Resouces link from the header
09:20:47.857 [main] INFO  resources.base - User Have reached the Resources Page
09:20:59.911 [main] INFO  resources.base - User has clicked on Special Offer Link from the header
09:20:59.911 [main] INFO  resources.base - User Have reached the Special Offer Page
09:21:07.123 [main] INFO  resources.base - User has clicked on Cart Icon from the header
09:21:07.123 [main] INFO  resources.base - User Have reached the Shopping Cart Page
09:21:48.874 [main] INFO  resources.base - User has clicked the Logo from the header of the page
09:21:48.918 [main] INFO  resources.base - User Have reached the Home Page clicking on the Header Logo
09:21:53.139 [main] INFO  resources.base - User has clicked the Logo from the footer of the page
09:21:53.155 [main] INFO  resources.base - User Have reached the Home Page clicking on the footer Logo
09:22:00.671 [main] INFO  resources.base - User has clicked on the Standard Catalog Link from the footer of the page
09:22:00.689 [main] INFO  resources.base - User Have reached the Standard Product page after clicking on the Standard Catalog Link from the footer of the page
09:22:03.731 [main] INFO  resources.base - User has clicked on the All product Link from the footer of the page
09:22:03.733 [main] INFO  resources.base - User Have reached the All Product page after clicking on the Standard Catalog Link from the footer of the page
09:22:14.123 [main] INFO  resources.base - User has clicked on the resources  Link from the footer of the page
09:22:14.139 [main] INFO  resources.base - User Have reached the resources page after clicking on the resources Link from the footer of the page
09:22:20.655 [main] INFO  resources.base - User has clicked on the Special offer Link from the footer of the page
09:22:20.655 [main] INFO  resources.base - User Have reached the Special offer after clicking on the Special offer Link from the footer of the page
09:22:25.795 [main] INFO  resources.base - User has clicked on the Special offer Link from the footer of the page
09:22:25.795 [main] INFO  resources.base - User Have reached the Favorites after clicking on the Favorites Link from the footer of the page
09:22:34.093 [main] INFO  resources.base - User has clicked on the Track button from the header of the page
09:22:54.099 [main] INFO  resources.base - User have reached the Track page after clicking on the Track button from the header of the page
09:23:02.654 [main] INFO  resources.base - User has clicked on the order button from the header of the page
09:23:12.658 [main] INFO  resources.base - User have reached the Order page after clicking on the Order button from the header of the page
09:23:23.770 [main] INFO  resources.base - User has clicked on the Purchase Analysis button from the header of the page
09:23:38.776 [main] INFO  resources.base - User have reached the Purchase Analysis page after clicking on the Purchase Analysis button from the header of the page
09:23:49.151 [main] INFO  resources.base - User have clicked on email icon on purchase analysis Page
09:23:49.282 [main] INFO  resources.base - User have entered the email on email field at purchase analysis Page
09:23:49.960 [main] INFO  resources.base - User have click on Send button at email popup screen at purchase analysis Page
09:24:00.995 [main] INFO  resources.base - User has clicked on the Calendar button from the header of the page
09:24:00.995 [main] INFO  resources.base - User have reached the  Calendar page after clicking on the Calendar button from the header of the page
09:24:50.574 [main] INFO  resources.base - User have reached the expiration report after clicking on the report button from the Calendar page from monthly view tab
09:25:35.454 [main] INFO  resources.base - User have reached the expiration report after clicking on the report button from the Calendar page from Detail view tab
09:25:45.788 [main] INFO  resources.base - User has clicked on the Assets report from Report tab
09:26:00.805 [main] INFO  resources.base - User have reached the assets report after clicking on asset link from report tab
09:26:12.857 [main] INFO  resources.base - User has clicked on the Days To Ship report from Report tab
09:26:27.862 [main] INFO  resources.base - User have reached the Days To Ship report after clicking on Days To Ship link from report tab
09:26:43.530 [main] INFO  resources.base - User has clicked on the Saved Report icon from the header of the page
09:26:43.545 [main] INFO  resources.base - User have reached the  Saved Report page after clicking on the Saved Report icon from the header of the page
06:46:55.839 [main] INFO  resources.base - User Have Successfully Login To The Home Page
06:48:16.279 [main] INFO  resources.base - Recently Viewed Page is Opened
06:48:20.473 [main] INFO  resources.base - User has clicked the Logo from the footer of the page
06:48:20.508 [main] INFO  resources.base - User Have reached the Home Page clicking on the footer Logo
06:50:31.393 [main] INFO  resources.base - User Have Successfully Login To The Home Page
14:00:09.404 [main] INFO  resources.base - User Have Successfully Login To The Home Page
14:01:33.170 [main] ERROR resources.base - Recently Viewed page is not getting opened
14:01:33.170 [main] ERROR resources.base - expected [Recently Viewed Products - MarkITplace] but found [Oops! something went wrong. - MarkITplace]
14:01:38.592 [main] INFO  resources.base - User has clicked the Logo from the footer of the page
14:01:38.592 [main] ERROR resources.base - User not able to reach home clicking on the footer logo
14:01:38.592 [main] ERROR resources.base - expected [Shop - MarkITplace] but found [Oops! something went wrong. - MarkITplace]
14:04:12.483 [main] INFO  resources.base - User Have Successfully Login To The Home Page
14:04:12.592 [main] INFO  resources.base - user is searching printer using the search textbox
14:04:32.624 [main] INFO  resources.base - User Have Successfully reached the printer search listing page
14:04:32.842 [main] INFO  resources.base - Search result data is Appearing on the Search Result Page
14:05:13.686 [main] INFO  resources.base - User has clicked on Add to Cart on First Searched Product
14:05:20.623 [main] INFO  resources.base - Product 1 is successfully added to Cart
14:05:20.889 [main] INFO  resources.base - User has closed the Add to Cart Modal after adding 1st product to cart
14:05:46.901 [main] INFO  resources.base - User Have Successfully reached the PDP Page
14:05:51.219 [main] INFO  resources.base - Recently Viewed Page is Opened
14:06:01.685 [main] INFO  resources.base - User has clicked the Logo from the footer of the page
14:06:01.708 [main] INFO  resources.base - User Have reached the Home Page clicking on the footer Logo
14:06:14.248 [main] INFO  resources.base - User has clicked on the My Profile page from My Account dropdown
14:06:14.248 [main] INFO  resources.base - User has clicked on the My Profile page from My Account dropdown
14:06:18.826 [main] INFO  resources.base - User has clicked on the My Profile page from My Account dropdown
14:06:23.764 [main] INFO  resources.base - User has clicked the Logo from the header of the page
14:06:23.764 [main] INFO  resources.base - User Have reached the Home Page clicking on the Header Logo
14:06:31.389 [main] INFO  resources.base - User has clicked on the Standard Catalog Navigation button from header
14:06:37.389 [main] INFO  resources.base - User Have reached the Standard Catalog Page
14:07:01.357 [main] INFO  resources.base - User has clicked on the 1st Standard Product appearing and reached the PDP Page
14:07:22.185 [main] INFO  resources.base - User has clicked on All Product Nevigation button from the header
14:07:27.186 [main] INFO  resources.base - User Have reached the All Product Page
14:07:54.311 [main] INFO  resources.base - User has clicked on Audio Cables Category From All Products Page
14:07:54.326 [main] INFO  resources.base - User Have reached the Audio Cables Category Page
14:08:26.733 [main] INFO  resources.base - User has clicked on Resouces link from the header
14:08:26.748 [main] INFO  resources.base - User Have reached the Resources Page
14:08:39.249 [main] INFO  resources.base - User has clicked on Special Offer Link from the header
14:08:39.264 [main] INFO  resources.base - User Have reached the Special Offer Page
14:08:46.420 [main] INFO  resources.base - User has clicked on Cart Icon from the header
14:08:46.420 [main] INFO  resources.base - User Have reached the Shopping Cart Page
14:09:09.607 [main] INFO  resources.base - User has clicked the Logo from the header of the page
14:09:09.607 [main] INFO  resources.base - User Have reached the Home Page clicking on the Header Logo
14:09:14.092 [main] INFO  resources.base - User has clicked the Logo from the footer of the page
14:09:14.107 [main] INFO  resources.base - User Have reached the Home Page clicking on the footer Logo
14:09:24.139 [main] INFO  resources.base - User has clicked on the Standard Catalog Link from the footer of the page
14:09:24.139 [main] INFO  resources.base - User Have reached the Standard Product page after clicking on the Standard Catalog Link from the footer of the page
14:09:34.967 [main] INFO  resources.base - User has clicked on the All product Link from the footer of the page
14:09:34.982 [main] INFO  resources.base - User Have reached the All Product page after clicking on the Standard Catalog Link from the footer of the page
14:09:51.357 [main] INFO  resources.base - User has clicked on the resources  Link from the footer of the page
14:09:51.357 [main] INFO  resources.base - User Have reached the resources page after clicking on the resources Link from the footer of the page
14:09:56.703 [main] INFO  resources.base - User has clicked on the Special offer Link from the footer of the page
14:09:56.715 [main] INFO  resources.base - User Have reached the Special offer after clicking on the Special offer Link from the footer of the page
14:10:04.373 [main] INFO  resources.base - User has clicked on the Special offer Link from the footer of the page
14:10:04.373 [main] INFO  resources.base - User Have reached the Favorites after clicking on the Favorites Link from the footer of the page
14:10:09.670 [main] INFO  resources.base - User has clicked on the Track button from the header of the page
14:10:29.670 [main] INFO  resources.base - User have reached the Track page after clicking on the Track button from the header of the page
14:10:37.123 [main] INFO  resources.base - User has clicked on the order button from the header of the page
14:10:47.143 [main] INFO  resources.base - User have reached the Order page after clicking on the Order button from the header of the page
14:10:57.436 [main] INFO  resources.base - User has clicked on the Purchase Analysis button from the header of the page
14:11:12.451 [main] INFO  resources.base - User have reached the Purchase Analysis page after clicking on the Purchase Analysis button from the header of the page
14:11:22.748 [main] INFO  resources.base - User have clicked on email icon on purchase analysis Page
14:11:22.812 [main] INFO  resources.base - User have entered the email on email field at purchase analysis Page
14:11:23.265 [main] INFO  resources.base - User have click on Send button at email popup screen at purchase analysis Page
14:11:31.795 [main] INFO  resources.base - User has clicked on the Calendar button from the header of the page
14:11:31.795 [main] INFO  resources.base - User have reached the  Calendar page after clicking on the Calendar button from the header of the page
14:12:19.317 [main] INFO  resources.base - User have reached the expiration report after clicking on the report button from the Calendar page from monthly view tab
14:13:04.783 [main] INFO  resources.base - User have reached the expiration report after clicking on the report button from the Calendar page from Detail view tab
14:13:15.092 [main] INFO  resources.base - User has clicked on the Assets report from Report tab
14:13:30.115 [main] INFO  resources.base - User have reached the assets report after clicking on asset link from report tab
14:13:41.498 [main] INFO  resources.base - User has clicked on the Days To Ship report from Report tab
14:13:56.498 [main] INFO  resources.base - User have reached the Days To Ship report after clicking on Days To Ship link from report tab
14:14:12.342 [main] INFO  resources.base - User has clicked on the Saved Report icon from the header of the page
14:14:12.342 [main] INFO  resources.base - User have reached the  Saved Report page after clicking on the Saved Report icon from the header of the page
09:40:40.190 [main] INFO  resources.base - User Have Successfully Login To The Home Page
09:45:13.665 [main] INFO  resources.base - Recently Viewed Page is Opened
09:45:29.169 [main] INFO  resources.base - User has clicked the Logo from the footer of the page
09:45:29.197 [main] INFO  resources.base - User Have reached the Home Page clicking on the footer Logo
09:45:38.552 [main] INFO  resources.base - User has clicked on the My Profile page from My Account dropdown
09:45:38.556 [main] INFO  resources.base - User has clicked on the My Profile page from My Account dropdown
09:45:44.572 [main] INFO  resources.base - User has clicked on the My Profile page from My Account dropdown
09:45:49.891 [main] INFO  resources.base - User has clicked the Logo from the header of the page
09:45:49.898 [main] INFO  resources.base - User Have reached the Home Page clicking on the Header Logo
09:45:56.401 [main] INFO  resources.base - User has clicked on the Standard Catalog Navigation button from header
09:46:02.404 [main] INFO  resources.base - User Have reached the Standard Catalog Page
09:46:25.119 [main] INFO  resources.base - User has clicked on the 1st Standard Product appearing and reached the PDP Page
09:46:31.429 [main] INFO  resources.base - User has clicked on All Product Nevigation button from the header
09:46:36.435 [main] INFO  resources.base - User Have reached the All Product Page
09:47:00.744 [main] INFO  resources.base - User has clicked on Audio Cables Category From All Products Page
09:47:00.744 [main] INFO  resources.base - User Have reached the Audio Cables Category Page
09:47:14.353 [main] INFO  resources.base - User has clicked on Resouces link from the header
09:47:14.353 [main] INFO  resources.base - User Have reached the Resources Page
09:47:22.095 [main] INFO  resources.base - User has clicked on Special Offer Link from the header
09:47:22.104 [main] INFO  resources.base - User Have reached the Special Offer Page
09:47:32.307 [main] INFO  resources.base - User has clicked on Cart Icon from the header
09:47:32.322 [main] INFO  resources.base - User Have reached the Shopping Cart Page
09:48:46.737 [main] INFO  resources.base - User has clicked the Logo from the header of the page
09:48:46.742 [main] INFO  resources.base - User Have reached the Home Page clicking on the Header Logo
09:48:52.650 [main] INFO  resources.base - User has clicked the Logo from the footer of the page
09:48:52.666 [main] INFO  resources.base - User Have reached the Home Page clicking on the footer Logo
09:48:59.219 [main] INFO  resources.base - User has clicked on the Standard Catalog Link from the footer of the page
09:48:59.219 [main] INFO  resources.base - User Have reached the Standard Product page after clicking on the Standard Catalog Link from the footer of the page
09:49:02.111 [main] INFO  resources.base - User has clicked on the All product Link from the footer of the page
09:49:02.113 [main] INFO  resources.base - User Have reached the All Product page after clicking on the Standard Catalog Link from the footer of the page
09:49:11.431 [main] INFO  resources.base - User has clicked on the resources  Link from the footer of the page
09:49:11.431 [main] INFO  resources.base - User Have reached the resources page after clicking on the resources Link from the footer of the page
09:49:17.135 [main] INFO  resources.base - User has clicked on the Special offer Link from the footer of the page
09:49:17.135 [main] INFO  resources.base - User Have reached the Special offer after clicking on the Special offer Link from the footer of the page
09:49:24.486 [main] INFO  resources.base - User has clicked on the Special offer Link from the footer of the page
09:49:24.488 [main] INFO  resources.base - User Have reached the Favorites after clicking on the Favorites Link from the footer of the page
09:49:33.056 [main] INFO  resources.base - User has clicked on the Track button from the header of the page
09:49:53.072 [main] INFO  resources.base - User have reached the Track page after clicking on the Track button from the header of the page
09:50:00.650 [main] INFO  resources.base - User has clicked on the order button from the header of the page
09:50:10.650 [main] INFO  resources.base - User have reached the Order page after clicking on the Order button from the header of the page
09:50:20.947 [main] INFO  resources.base - User has clicked on the Purchase Analysis button from the header of the page
09:50:35.963 [main] INFO  resources.base - User have reached the Purchase Analysis page after clicking on the Purchase Analysis button from the header of the page
09:50:46.280 [main] INFO  resources.base - User have clicked on email icon on purchase analysis Page
09:50:46.354 [main] INFO  resources.base - User have entered the email on email field at purchase analysis Page
09:50:46.870 [main] INFO  resources.base - User have click on Send button at email popup screen at purchase analysis Page
09:50:58.094 [main] INFO  resources.base - User has clicked on the Calendar button from the header of the page
09:50:58.096 [main] INFO  resources.base - User have reached the  Calendar page after clicking on the Calendar button from the header of the page
09:51:45.302 [main] INFO  resources.base - User have reached the expiration report after clicking on the report button from the Calendar page from monthly view tab
09:52:33.634 [main] INFO  resources.base - User have reached the expiration report after clicking on the report button from the Calendar page from Detail view tab
09:52:43.963 [main] INFO  resources.base - User has clicked on the Assets report from Report tab
09:52:58.978 [main] INFO  resources.base - User have reached the assets report after clicking on asset link from report tab
09:53:10.485 [main] INFO  resources.base - User has clicked on the Days To Ship report from Report tab
09:53:25.498 [main] INFO  resources.base - User have reached the Days To Ship report after clicking on Days To Ship link from report tab
09:53:43.260 [main] INFO  resources.base - User has clicked on the Saved Report icon from the header of the page
09:53:43.264 [main] INFO  resources.base - User have reached the  Saved Report page after clicking on the Saved Report icon from the header of the page
09:56:38.432 [main] INFO  resources.base - User Have Successfully Login To The Home Page
10:03:36.400 [main] INFO  resources.base - User Have Successfully Login To The Home Page
10:03:42.213 [main] INFO  resources.base - user is searching printer using the search textbox
10:04:02.217 [main] ERROR resources.base - Search Result not displaying
10:04:02.217 [main] ERROR resources.base - expected [Printers - MarkITplace] but found [Shop - MarkITplace]
10:05:38.104 [main] INFO  resources.base - User Have Successfully Login To The Home Page
10:05:40.415 [main] INFO  resources.base - user is searching printer using the search textbox
10:06:00.416 [main] ERROR resources.base - Search Result not displaying
10:06:00.416 [main] ERROR resources.base - expected [Printers - MarkITplace] but found [Shop - MarkITplace]
10:08:10.609 [main] INFO  resources.base - User Have Successfully Login To The Home Page
10:09:00.682 [main] INFO  resources.base - user is searching printer using the search textbox
10:09:20.682 [main] ERROR resources.base - Search Result not displaying
10:09:20.682 [main] ERROR resources.base - expected [Printers - MarkITplace] but found [Shop - MarkITplace]
10:10:31.122 [main] INFO  resources.base - Recently Viewed Page is Opened
10:10:35.886 [main] INFO  resources.base - User has clicked the Logo from the footer of the page
10:10:35.901 [main] INFO  resources.base - User Have reached the Home Page clicking on the footer Logo
10:13:53.148 [main] INFO  resources.base - User Have Successfully Login To The Home Page
10:14:43.189 [main] INFO  resources.base - user is searching printer using the search textbox
10:15:03.198 [main] ERROR resources.base - Search Result not displaying
10:15:03.198 [main] ERROR resources.base - expected [Printers - MarkITplace] but found [Shop - MarkITplace]
10:16:13.228 [main] INFO  resources.base - Recently Viewed Page is Opened
10:16:17.830 [main] INFO  resources.base - User has clicked the Logo from the footer of the page
10:16:17.835 [main] INFO  resources.base - User Have reached the Home Page clicking on the footer Logo
10:27:44.147 [main] INFO  resources.base - User Have Successfully Login To The Home Page
10:29:06.089 [main] INFO  resources.base - user is searching printer using the search textbox
10:29:26.102 [main] INFO  resources.base - User Have Successfully reached the printer search listing page
10:29:26.148 [main] INFO  resources.base - Search result data is Appearing on the Search Result Page
10:30:06.969 [main] INFO  resources.base - User has clicked on Add to Cart on First Searched Product
10:30:15.969 [main] INFO  resources.base - Product 1 is successfully added to Cart
10:30:16.225 [main] INFO  resources.base - User has closed the Add to Cart Modal after adding 1st product to cart
10:30:36.765 [main] INFO  resources.base - User Have Successfully reached the PDP Page
10:30:40.860 [main] INFO  resources.base - Recently Viewed Page is Opened
10:32:27.196 [main] INFO  resources.base - User has clicked the Logo from the header of the page
10:32:27.201 [main] INFO  resources.base - User Have reached the Home Page clicking on the Header Logo
10:32:33.909 [main] INFO  resources.base - User has clicked on the Standard Catalog Navigation button from header
10:32:39.913 [main] INFO  resources.base - User Have reached the Standard Catalog Page
10:32:59.230 [main] INFO  resources.base - User has clicked on the 1st Standard Product appearing and reached the PDP Page
10:33:05.136 [main] INFO  resources.base - User has clicked on All Product Nevigation button from the header
10:33:10.142 [main] INFO  resources.base - User Have reached the All Product Page
10:33:15.399 [main] INFO  resources.base - User has clicked on Audio Cables Category From All Products Page
10:33:15.403 [main] ERROR resources.base - User have not reached the Audio Cable Category Page after clicking Audio Cable category from all product page
10:33:15.403 [main] ERROR resources.base - expected [Audio Cables - MarkITplace] but found [All Products - MarkITplace]
10:33:29.939 [main] INFO  resources.base - User has clicked on Resouces link from the header
10:33:29.942 [main] INFO  resources.base - User Have reached the Resources Page
10:33:37.986 [main] INFO  resources.base - User has clicked on Special Offer Link from the header
10:33:37.989 [main] INFO  resources.base - User Have reached the Special Offer Page
10:33:52.130 [main] INFO  resources.base - User has clicked on Cart Icon from the header
10:33:52.134 [main] INFO  resources.base - User Have reached the Shopping Cart Page
10:35:09.070 [main] INFO  resources.base - User has clicked the Logo from the header of the page
10:35:09.074 [main] INFO  resources.base - User Have reached the Home Page clicking on the Header Logo
10:35:14.446 [main] INFO  resources.base - User has clicked the Logo from the footer of the page
10:35:14.449 [main] INFO  resources.base - User Have reached the Home Page clicking on the footer Logo
10:35:21.023 [main] INFO  resources.base - User has clicked on the Standard Catalog Link from the footer of the page
10:35:21.027 [main] INFO  resources.base - User Have reached the Standard Product page after clicking on the Standard Catalog Link from the footer of the page
10:35:24.299 [main] INFO  resources.base - User has clicked on the All product Link from the footer of the page
10:35:24.303 [main] INFO  resources.base - User Have reached the All Product page after clicking on the Standard Catalog Link from the footer of the page
10:35:32.737 [main] INFO  resources.base - User has clicked on the resources  Link from the footer of the page
10:35:32.749 [main] INFO  resources.base - User Have reached the resources page after clicking on the resources Link from the footer of the page
10:35:39.053 [main] INFO  resources.base - User has clicked on the Special offer Link from the footer of the page
10:35:39.069 [main] INFO  resources.base - User Have reached the Special offer after clicking on the Special offer Link from the footer of the page
10:35:50.150 [main] INFO  resources.base - User has clicked on the Special offer Link from the footer of the page
10:35:50.154 [main] INFO  resources.base - User Have reached the Favorites after clicking on the Favorites Link from the footer of the page
10:36:02.388 [main] INFO  resources.base - User has clicked on the Track button from the header of the page
10:36:22.394 [main] INFO  resources.base - User have reached the Track page after clicking on the Track button from the header of the page
10:36:38.155 [main] INFO  resources.base - User has clicked on the order button from the header of the page
10:36:48.159 [main] INFO  resources.base - User have reached the Order page after clicking on the Order button from the header of the page
10:36:58.427 [main] INFO  resources.base - User has clicked on the Purchase Analysis button from the header of the page
10:37:13.434 [main] INFO  resources.base - User have reached the Purchase Analysis page after clicking on the Purchase Analysis button from the header of the page
10:37:23.750 [main] INFO  resources.base - User have clicked on email icon on purchase analysis Page
10:37:23.822 [main] INFO  resources.base - User have entered the email on email field at purchase analysis Page
10:37:24.243 [main] INFO  resources.base - User have click on Send button at email popup screen at purchase analysis Page
10:37:32.747 [main] INFO  resources.base - User has clicked on the Calendar button from the header of the page
10:37:32.750 [main] INFO  resources.base - User have reached the  Calendar page after clicking on the Calendar button from the header of the page
10:38:23.242 [main] INFO  resources.base - User have reached the expiration report after clicking on the report button from the Calendar page from monthly view tab
10:39:12.191 [main] INFO  resources.base - User have reached the expiration report after clicking on the report button from the Calendar page from Detail view tab
10:39:22.510 [main] INFO  resources.base - User has clicked on the Assets report from Report tab
10:39:37.512 [main] INFO  resources.base - User have reached the assets report after clicking on asset link from report tab
10:39:49.614 [main] INFO  resources.base - User has clicked on the Days To Ship report from Report tab
10:40:04.617 [main] INFO  resources.base - User have reached the Days To Ship report after clicking on Days To Ship link from report tab
10:40:21.218 [main] INFO  resources.base - User has clicked on the Saved Report icon from the header of the page
10:40:21.221 [main] INFO  resources.base - User have reached the  Saved Report page after clicking on the Saved Report icon from the header of the page
11:29:08.333 [main] INFO  resources.base - User Have Successfully Login To The Home Page
11:30:32.277 [main] INFO  resources.base - user is searching printer using the search textbox
11:30:52.287 [main] INFO  resources.base - User Have Successfully reached the printer search listing page
11:30:52.350 [main] INFO  resources.base - Search result data is Appearing on the Search Result Page
11:31:33.175 [main] INFO  resources.base - User has clicked on Add to Cart on First Searched Product
11:33:54.940 [main] INFO  resources.base - User Have Successfully Login To The Home Page
11:35:14.586 [main] INFO  resources.base - Recently Viewed Page is Opened
11:35:17.234 [main] INFO  resources.base - User has clicked the Logo from the footer of the page
11:38:30.105 [main] INFO  resources.base - User Have Successfully Login To The Home Page
11:39:45.741 [main] INFO  resources.base - Recently Viewed Page is Opened
11:39:48.931 [main] INFO  resources.base - User has clicked the Logo from the footer of the page
11:36:26.388 [main] INFO  resources.base - User Have Successfully Login To The Home Page
11:37:56.012 [main] INFO  resources.base - user is searching printer using the search textbox
11:38:16.032 [main] INFO  resources.base - User Have Successfully reached the printer search listing page
11:38:16.141 [main] INFO  resources.base - Search result data is Appearing on the Search Result Page
11:38:57.023 [main] INFO  resources.base - User has clicked on Add to Cart on First Searched Product
11:39:08.211 [main] INFO  resources.base - Product 1 is successfully added to Cart
11:39:08.555 [main] INFO  resources.base - User has closed the Add to Cart Modal after adding 1st product to cart
16:29:38.181 [main] INFO  resources.base - User Have Successfully Login To The Home Page
16:30:36.811 [main] INFO  resources.base - user is searching printer using the search textbox
16:30:56.820 [main] INFO  resources.base - User Have Successfully reached the printer search listing page
16:30:56.986 [main] INFO  resources.base - Search result data is Appearing on the Search Result Page
16:31:37.843 [main] INFO  resources.base - User has clicked on Add to Cart on First Searched Product
16:31:48.033 [main] INFO  resources.base - Product 1 is successfully added to Cart
16:31:48.778 [main] INFO  resources.base - User has closed the Add to Cart Modal after adding 1st product to cart
16:32:08.127 [main] INFO  resources.base - User Have Successfully reached the PDP Page
16:32:11.946 [main] INFO  resources.base - Recently Viewed Page is Opened
16:32:29.350 [main] INFO  resources.base - User has clicked the Logo from the footer of the page
16:32:29.364 [main] INFO  resources.base - User Have reached the Home Page clicking on the footer Logo
16:33:23.852 [main] INFO  resources.base - User has clicked the Logo from the header of the page
16:33:23.854 [main] INFO  resources.base - User Have reached the Home Page clicking on the Header Logo
16:33:28.912 [main] INFO  resources.base - User has clicked on the Standard Catalog Navigation button from header
16:33:34.914 [main] INFO  resources.base - User Have reached the Standard Catalog Page
16:33:53.960 [main] INFO  resources.base - User has clicked on the 1st Standard Product appearing and reached the PDP Page
16:33:59.753 [main] INFO  resources.base - User has clicked on All Product Nevigation button from the header
16:34:04.757 [main] INFO  resources.base - User Have reached the All Product Page
16:34:22.661 [main] INFO  resources.base - User has clicked on Audio Cables Category From All Products Page
16:34:22.661 [main] INFO  resources.base - User Have reached the Audio Cables Category Page
16:34:37.599 [main] INFO  resources.base - User has clicked on Resouces link from the header
16:34:37.614 [main] INFO  resources.base - User Have reached the Resources Page
16:34:46.880 [main] INFO  resources.base - User has clicked on Special Offer Link from the header
16:34:46.880 [main] INFO  resources.base - User Have reached the Special Offer Page
16:34:51.755 [main] INFO  resources.base - User has clicked on Cart Icon from the header
16:34:51.755 [main] INFO  resources.base - User Have reached the Shopping Cart Page
16:35:58.802 [main] INFO  resources.base - User has clicked the Logo from the header of the page
16:35:58.802 [main] INFO  resources.base - User Have reached the Home Page clicking on the Header Logo
16:36:02.942 [main] INFO  resources.base - User has clicked the Logo from the footer of the page
16:36:02.942 [main] INFO  resources.base - User Have reached the Home Page clicking on the footer Logo
16:36:07.520 [main] INFO  resources.base - User has clicked on the Standard Catalog Link from the footer of the page
16:36:07.520 [main] INFO  resources.base - User Have reached the Standard Product page after clicking on the Standard Catalog Link from the footer of the page
16:36:09.849 [main] INFO  resources.base - User has clicked on the All product Link from the footer of the page
16:36:09.849 [main] INFO  resources.base - User Have reached the All Product page after clicking on the Standard Catalog Link from the footer of the page
16:36:19.770 [main] INFO  resources.base - User has clicked on the resources  Link from the footer of the page
16:36:19.770 [main] INFO  resources.base - User Have reached the resources page after clicking on the resources Link from the footer of the page
16:36:27.567 [main] INFO  resources.base - User has clicked on the Special offer Link from the footer of the page
16:36:27.583 [main] INFO  resources.base - User Have reached the Special offer after clicking on the Special offer Link from the footer of the page
16:36:33.739 [main] INFO  resources.base - User has clicked on the Special offer Link from the footer of the page
16:36:33.739 [main] INFO  resources.base - User Have reached the Favorites after clicking on the Favorites Link from the footer of the page
16:36:53.177 [main] INFO  resources.base - User has clicked on the Track button from the header of the page
16:37:13.178 [main] INFO  resources.base - User have reached the Track page after clicking on the Track button from the header of the page
16:37:20.943 [main] INFO  resources.base - User has clicked on the order button from the header of the page
16:37:30.943 [main] INFO  resources.base - User have reached the Order page after clicking on the Order button from the header of the page
16:37:41.317 [main] INFO  resources.base - User has clicked on the Purchase Analysis button from the header of the page
16:37:56.318 [main] INFO  resources.base - User have reached the Purchase Analysis page after clicking on the Purchase Analysis button from the header of the page
16:38:07.177 [main] INFO  resources.base - User have clicked on email icon on purchase analysis Page
16:38:07.240 [main] INFO  resources.base - User have entered the email on email field at purchase analysis Page
16:38:07.989 [main] INFO  resources.base - User have click on Send button at email popup screen at purchase analysis Page
16:38:21.286 [main] INFO  resources.base - User has clicked on the Calendar button from the header of the page
16:38:21.286 [main] INFO  resources.base - User have reached the  Calendar page after clicking on the Calendar button from the header of the page
16:39:12.271 [main] INFO  resources.base - User have reached the expiration report after clicking on the report button from the Calendar page from monthly view tab
16:39:57.130 [main] INFO  resources.base - User have reached the expiration report after clicking on the report button from the Calendar page from Detail view tab
16:40:07.411 [main] INFO  resources.base - User has clicked on the Assets report from Report tab
16:40:22.428 [main] INFO  resources.base - User have reached the assets report after clicking on asset link from report tab
16:40:33.614 [main] INFO  resources.base - User has clicked on the Days To Ship report from Report tab
16:40:48.630 [main] INFO  resources.base - User have reached the Days To Ship report after clicking on Days To Ship link from report tab
16:41:05.130 [main] INFO  resources.base - User has clicked on the Saved Report icon from the header of the page
16:41:05.130 [main] INFO  resources.base - User have reached the  Saved Report page after clicking on the Saved Report icon from the header of the page
17:21:11.422 [main] INFO  resources.base - User Have Successfully Login To The Home Page
17:22:47.353 [main] INFO  resources.base - user is searching printer using the search textbox
17:23:07.386 [main] INFO  resources.base - User Have Successfully reached the printer search listing page
17:23:07.475 [main] INFO  resources.base - Search result data is Appearing on the Search Result Page
17:23:48.420 [main] INFO  resources.base - User has clicked on Add to Cart on First Searched Product
17:23:57.986 [main] INFO  resources.base - Product 1 is successfully added to Cart
17:23:58.418 [main] INFO  resources.base - User has closed the Add to Cart Modal after adding 1st product to cart
17:24:17.505 [main] INFO  resources.base - User Have Successfully reached the PDP Page
17:24:21.171 [main] INFO  resources.base - Recently Viewed Page is Opened
17:24:37.764 [main] INFO  resources.base - User has clicked the Logo from the footer of the page
17:24:37.791 [main] INFO  resources.base - User Have reached the Home Page clicking on the footer Logo
17:25:34.903 [main] INFO  resources.base - User has clicked the Logo from the header of the page
17:25:34.903 [main] INFO  resources.base - User Have reached the Home Page clicking on the Header Logo
17:25:42.787 [main] INFO  resources.base - User has clicked on the Standard Catalog Navigation button from header
17:25:48.804 [main] INFO  resources.base - User Have reached the Standard Catalog Page
17:26:07.586 [main] INFO  resources.base - User has clicked on the 1st Standard Product appearing and reached the PDP Page
17:26:14.141 [main] INFO  resources.base - User has clicked on All Product Nevigation button from the header
17:26:19.147 [main] INFO  resources.base - User Have reached the All Product Page
17:26:43.608 [main] INFO  resources.base - User has clicked on Audio Cables Category From All Products Page
17:26:43.622 [main] INFO  resources.base - User Have reached the Audio Cables Category Page
17:26:56.175 [main] INFO  resources.base - User has clicked on Resouces link from the header
17:26:56.190 [main] INFO  resources.base - User Have reached the Resources Page
17:27:06.334 [main] INFO  resources.base - User has clicked on Special Offer Link from the header
17:27:06.349 [main] INFO  resources.base - User Have reached the Special Offer Page
17:27:13.091 [main] INFO  resources.base - User has clicked on Cart Icon from the header
17:27:13.091 [main] INFO  resources.base - User Have reached the Shopping Cart Page
17:28:21.334 [main] INFO  resources.base - User has clicked the Logo from the header of the page
17:28:21.334 [main] INFO  resources.base - User Have reached the Home Page clicking on the Header Logo
17:28:28.080 [main] INFO  resources.base - User has clicked the Logo from the footer of the page
17:28:28.080 [main] INFO  resources.base - User Have reached the Home Page clicking on the footer Logo
17:28:34.863 [main] INFO  resources.base - User has clicked on the Standard Catalog Link from the footer of the page
17:28:34.863 [main] INFO  resources.base - User Have reached the Standard Product page after clicking on the Standard Catalog Link from the footer of the page
17:28:38.068 [main] INFO  resources.base - User has clicked on the All product Link from the footer of the page
17:28:38.068 [main] INFO  resources.base - User Have reached the All Product page after clicking on the Standard Catalog Link from the footer of the page
17:28:46.224 [main] INFO  resources.base - User has clicked on the resources  Link from the footer of the page
17:28:46.224 [main] INFO  resources.base - User Have reached the resources page after clicking on the resources Link from the footer of the page
17:28:54.776 [main] INFO  resources.base - User has clicked on the Special offer Link from the footer of the page
17:28:54.792 [main] INFO  resources.base - User Have reached the Special offer after clicking on the Special offer Link from the footer of the page
17:29:03.270 [main] INFO  resources.base - User has clicked on the Special offer Link from the footer of the page
17:29:03.270 [main] INFO  resources.base - User Have reached the Favorites after clicking on the Favorites Link from the footer of the page
17:29:08.648 [main] INFO  resources.base - User has clicked on the Track button from the header of the page
17:29:28.662 [main] INFO  resources.base - User have reached the Track page after clicking on the Track button from the header of the page
17:29:36.792 [main] INFO  resources.base - User has clicked on the order button from the header of the page
17:29:46.803 [main] INFO  resources.base - User have reached the Order page after clicking on the Order button from the header of the page
17:29:57.162 [main] INFO  resources.base - User has clicked on the Purchase Analysis button from the header of the page
17:30:12.168 [main] INFO  resources.base - User have reached the Purchase Analysis page after clicking on the Purchase Analysis button from the header of the page
17:30:22.597 [main] INFO  resources.base - User have clicked on email icon on purchase analysis Page
17:30:22.788 [main] INFO  resources.base - User have entered the email on email field at purchase analysis Page
17:30:23.351 [main] INFO  resources.base - User have click on Send button at email popup screen at purchase analysis Page
17:30:33.373 [main] INFO  resources.base - User has clicked on the Calendar button from the header of the page
17:30:33.387 [main] INFO  resources.base - User have reached the  Calendar page after clicking on the Calendar button from the header of the page
17:31:30.046 [main] INFO  resources.base - User have reached the expiration report after clicking on the report button from the Calendar page from monthly view tab
17:32:17.399 [main] INFO  resources.base - User have reached the expiration report after clicking on the report button from the Calendar page from Detail view tab
17:32:27.749 [main] INFO  resources.base - User has clicked on the Assets report from Report tab
17:32:42.767 [main] INFO  resources.base - User have reached the assets report after clicking on asset link from report tab
17:32:54.003 [main] INFO  resources.base - User has clicked on the Days To Ship report from Report tab
17:33:09.022 [main] INFO  resources.base - User have reached the Days To Ship report after clicking on Days To Ship link from report tab
17:33:29.417 [main] INFO  resources.base - User has clicked on the Saved Report icon from the header of the page
17:33:29.422 [main] INFO  resources.base - User have reached the  Saved Report page after clicking on the Saved Report icon from the header of the page
17:40:48.410 [main] INFO  resources.base - User Have Successfully Login To The Home Page
17:42:05.649 [main] INFO  resources.base - user is searching printer using the search textbox
17:42:25.669 [main] INFO  resources.base - User Have Successfully reached the printer search listing page
17:42:25.734 [main] INFO  resources.base - Search result data is Appearing on the Search Result Page
17:43:06.686 [main] INFO  resources.base - User has clicked on Add to Cart on First Searched Product
17:43:15.558 [main] INFO  resources.base - Product 1 is successfully added to Cart
17:43:15.885 [main] INFO  resources.base - User has closed the Add to Cart Modal after adding 1st product to cart
17:43:35.525 [main] INFO  resources.base - User Have Successfully reached the PDP Page
17:43:39.553 [main] INFO  resources.base - Recently Viewed Page is Opened
17:43:49.478 [main] INFO  resources.base - User has clicked the Logo from the footer of the page
17:43:49.478 [main] INFO  resources.base - User Have reached the Home Page clicking on the footer Logo
17:44:47.681 [main] INFO  resources.base - User has clicked the Logo from the header of the page
17:44:47.681 [main] INFO  resources.base - User Have reached the Home Page clicking on the Header Logo
17:44:54.078 [main] INFO  resources.base - User has clicked on the Standard Catalog Navigation button from header
17:45:00.103 [main] INFO  resources.base - User Have reached the Standard Catalog Page
17:45:19.019 [main] INFO  resources.base - User has clicked on the 1st Standard Product appearing and reached the PDP Page
17:45:25.557 [main] INFO  resources.base - User has clicked on All Product Nevigation button from the header
17:45:30.580 [main] INFO  resources.base - User Have reached the All Product Page
17:45:52.355 [main] INFO  resources.base - User has clicked on Audio Cables Category From All Products Page
17:45:52.355 [main] INFO  resources.base - User Have reached the Audio Cables Category Page
17:46:05.190 [main] INFO  resources.base - User has clicked on Resouces link from the header
17:46:05.193 [main] INFO  resources.base - User Have reached the Resources Page
17:46:15.464 [main] INFO  resources.base - User has clicked on Special Offer Link from the header
17:46:15.482 [main] INFO  resources.base - User Have reached the Special Offer Page
17:46:23.800 [main] INFO  resources.base - User has clicked on Cart Icon from the header
17:46:23.803 [main] INFO  resources.base - User Have reached the Shopping Cart Page
17:47:25.950 [main] INFO  resources.base - User has clicked the Logo from the header of the page
17:47:25.972 [main] INFO  resources.base - User Have reached the Home Page clicking on the Header Logo
17:47:30.093 [main] INFO  resources.base - User has clicked the Logo from the footer of the page
17:47:30.093 [main] INFO  resources.base - User Have reached the Home Page clicking on the footer Logo
17:47:36.158 [main] INFO  resources.base - User has clicked on the Standard Catalog Link from the footer of the page
17:47:36.158 [main] INFO  resources.base - User Have reached the Standard Product page after clicking on the Standard Catalog Link from the footer of the page
17:47:38.903 [main] INFO  resources.base - User has clicked on the All product Link from the footer of the page
17:47:38.926 [main] INFO  resources.base - User Have reached the All Product page after clicking on the Standard Catalog Link from the footer of the page
17:47:45.094 [main] INFO  resources.base - User has clicked on the resources  Link from the footer of the page
17:47:45.094 [main] INFO  resources.base - User Have reached the resources page after clicking on the resources Link from the footer of the page
17:47:53.118 [main] INFO  resources.base - User has clicked on the Special offer Link from the footer of the page
17:47:53.137 [main] INFO  resources.base - User Have reached the Special offer after clicking on the Special offer Link from the footer of the page
17:47:58.784 [main] INFO  resources.base - User has clicked on the Special offer Link from the footer of the page
